c:\users\seank\source\repos\blankproj\blankproj\intermediate\x86\debug\blankproj.pch
c:\users\seank\source\repos\blankproj\blankproj\intermediate\x86\debug\vc142.pdb
c:\users\seank\source\repos\blankproj\blankproj\intermediate\x86\debug\vc142.idb
c:\users\seank\source\repos\blankproj\blankproj\intermediate\x86\debug\application.obj
c:\users\seank\source\repos\blankproj\blankproj\intermediate\x86\debug\pch.obj
c:\users\seank\source\repos\blankproj\blankproj\intermediate\x86\debug\blankproj.res
c:\users\seank\source\repos\blankproj\\build\x86\debug\blankproj.pdb
c:\users\seank\source\repos\blankproj\blankproj\intermediate\x86\debug\blankproj.tlog\cl.command.1.tlog
c:\users\seank\source\repos\blankproj\blankproj\intermediate\x86\debug\blankproj.tlog\cl.read.1.tlog
c:\users\seank\source\repos\blankproj\blankproj\intermediate\x86\debug\blankproj.tlog\cl.write.1.tlog
c:\users\seank\source\repos\blankproj\blankproj\intermediate\x86\debug\blankproj.tlog\link-cvtres.read.1.tlog
c:\users\seank\source\repos\blankproj\blankproj\intermediate\x86\debug\blankproj.tlog\link-cvtres.write.1.tlog
c:\users\seank\source\repos\blankproj\blankproj\intermediate\x86\debug\blankproj.tlog\link-rc.read.1.tlog
c:\users\seank\source\repos\blankproj\blankproj\intermediate\x86\debug\blankproj.tlog\link-rc.write.1.tlog
c:\users\seank\source\repos\blankproj\blankproj\intermediate\x86\debug\blankproj.tlog\link.command.1.tlog
c:\users\seank\source\repos\blankproj\blankproj\intermediate\x86\debug\blankproj.tlog\link.read.1.tlog
c:\users\seank\source\repos\blankproj\blankproj\intermediate\x86\debug\blankproj.tlog\link.write.1.tlog
c:\users\seank\source\repos\blankproj\blankproj\intermediate\x86\debug\blankproj.tlog\rc.command.1.tlog
c:\users\seank\source\repos\blankproj\blankproj\intermediate\x86\debug\blankproj.tlog\rc.read.1.tlog
c:\users\seank\source\repos\blankproj\blankproj\intermediate\x86\debug\blankproj.tlog\rc.write.1.tlog
