c:\users\seank\source\repos\blankproj\blankproj\intermediate\x64\debug\blankproj.pch
c:\users\seank\source\repos\blankproj\blankproj\intermediate\x64\debug\vc142.pdb
c:\users\seank\source\repos\blankproj\blankproj\intermediate\x64\debug\vc142.idb
c:\users\seank\source\repos\blankproj\blankproj\intermediate\x64\debug\application.obj
c:\users\seank\source\repos\blankproj\blankproj\intermediate\x64\debug\pch.obj
c:\users\seank\source\repos\blankproj\blankproj\intermediate\x64\debug\winmain.obj
c:\users\seank\source\repos\blankproj\build\x64\blankproj\debug\blankproj.exe
c:\users\seank\source\repos\blankproj\blankproj\intermediate\x64\debug\blankproj.ilk
c:\users\seank\source\repos\blankproj\build\x64\blankproj\debug\blankproj.pdb
c:\users\seank\source\repos\blankproj\blankproj\intermediate\x64\debug\blankproj.res
c:\users\seank\source\repos\blankproj\\build\x64\blankproj\debug\blankproj.pdb
c:\users\seank\source\repos\blankproj\blankproj\intermediate\x64\debug\blankproj.tlog\cl.command.1.tlog
c:\users\seank\source\repos\blankproj\blankproj\intermediate\x64\debug\blankproj.tlog\cl.read.1.tlog
c:\users\seank\source\repos\blankproj\blankproj\intermediate\x64\debug\blankproj.tlog\cl.write.1.tlog
c:\users\seank\source\repos\blankproj\blankproj\intermediate\x64\debug\blankproj.tlog\link.command.1.tlog
c:\users\seank\source\repos\blankproj\blankproj\intermediate\x64\debug\blankproj.tlog\link.read.1.tlog
c:\users\seank\source\repos\blankproj\blankproj\intermediate\x64\debug\blankproj.tlog\link.write.1.tlog
c:\users\seank\source\repos\blankproj\blankproj\intermediate\x64\debug\blankproj.tlog\rc.command.1.tlog
c:\users\seank\source\repos\blankproj\blankproj\intermediate\x64\debug\blankproj.tlog\rc.read.1.tlog
c:\users\seank\source\repos\blankproj\blankproj\intermediate\x64\debug\blankproj.tlog\rc.write.1.tlog
